# JRE version: Java(TM) SE Runtime Environment (7.0_75-b13) (build 1.7.0_75-b13)
# Java VM: Java HotSpot(TM) 64-Bit Server VM (24.75-b04 mixed mode bsd-amd64 compressed oops)
Heap
 PSYoungGen      total 139264K, used 24888K [0x00000007f5500000, 0x00000007fe980000, 0x0000000800000000)
  eden space 129536K, 11% used [0x00000007f5500000,0x00000007f64285b8,0x00000007fd380000)
  from space 9728K, 96% used [0x00000007fd900000,0x00000007fe225b88,0x00000007fe280000)
  to   space 7168K, 0% used [0x00000007fe280000,0x00000007fe280000,0x00000007fe980000)
 ParOldGen       total 43520K, used 16993K [0x00000007e0000000, 0x00000007e2a80000, 0x00000007f5500000)
  object space 43520K, 39% used [0x00000007e0000000,0x00000007e1098488,0x00000007e2a80000)
 PSPermGen       total 38400K, used 38011K [0x00000007dae00000, 0x00000007dd380000, 0x00000007e0000000)
  object space 38400K, 98% used [0x00000007dae00000,0x00000007dd31eea8,0x00000007dd380000)
GC Heap History (10 events):
Event: 4.733 GC heap before
{Heap before GC invocations=5 (full 0):
 PSYoungGen      total 36352K, used 36320K [0x00000007f5500000, 0x00000007f7b00000, 0x0000000800000000)
  eden space 33792K, 100% used [0x00000007f5500000,0x00000007f7600000,0x00000007f7600000)
  from space 2560K, 98% used [0x00000007f7880000,0x00000007f7af8240,0x00000007f7b00000)
  to   space 2560K, 0% used [0x00000007f7600000,0x00000007f7600000,0x00000007f7880000)
 ParOldGen       total 43520K, used 6752K [0x00000007e0000000, 0x00000007e2a80000, 0x00000007f5500000)
  object space 43520K, 15% used [0x00000007e0000000,0x00000007e0698028,0x00000007e2a80000)
 PSPermGen       total 21504K, used 16648K [0x00000007dae00000, 0x00000007dc300000, 0x00000007e0000000)
  object space 21504K, 77% used [0x00000007dae00000,0x00000007dbe422d0,0x00000007dc300000)
Event: 4.748 GC heap after
Heap after GC invocations=5 (full 0):
 PSYoungGen      total 36352K, used 2545K [0x00000007f5500000, 0x00000007fa700000, 0x0000000800000000)
  eden space 33792K, 0% used [0x00000007f5500000,0x00000007f5500000,0x00000007f7600000)
  from space 2560K, 99% used [0x00000007f7600000,0x00000007f787c490,0x00000007f7880000)
  to   space 8192K, 0% used [0x00000007f9f00000,0x00000007f9f00000,0x00000007fa700000)
 ParOldGen       total 43520K, used 12138K [0x00000007e0000000, 0x00000007e2a80000, 0x00000007f5500000)
  object space 43520K, 27% used [0x00000007e0000000,0x00000007e0bdaa10,0x00000007e2a80000)
 PSPermGen       total 21504K, used 16648K [0x00000007dae00000, 0x00000007dc300000, 0x00000007e0000000)
  object space 21504K, 77% used [0x00000007dae00000,0x00000007dbe422d0,0x00000007dc300000)
}
Event: 5.605 GC heap before
{Heap before GC invocations=6 (full 0):
 PSYoungGen      total 36352K, used 36337K [0x00000007f5500000, 0x00000007fa700000, 0x0000000800000000)
  eden space 33792K, 100% used [0x00000007f5500000,0x00000007f7600000,0x00000007f7600000)
  from space 2560K, 99% used [0x00000007f7600000,0x00000007f787c490,0x00000007f7880000)
  to   space 8192K, 0% used [0x00000007f9f00000,0x00000007f9f00000,0x00000007fa700000)
 ParOldGen       total 43520K, used 12138K [0x00000007e0000000, 0x00000007e2a80000, 0x00000007f5500000)
  object space 43520K, 27% used [0x00000007e0000000,0x00000007e0bdaa10,0x00000007e2a80000)
 PSPermGen       total 21504K, used 18356K [0x00000007dae00000, 0x00000007dc300000, 0x00000007e0000000)
  object space 21504K, 85% used [0x00000007dae00000,0x00000007dbfed248,0x00000007dc300000)
Event: 5.616 GC heap after
Heap after GC invocations=6 (full 0):
 PSYoungGen      total 74752K, used 4594K [0x00000007f5500000, 0x00000007fa600000, 0x0000000800000000)
  eden space 67584K, 0% used [0x00000007f5500000,0x00000007f5500000,0x00000007f9700000)
  from space 7168K, 64% used [0x00000007f9f00000,0x00000007fa37c920,0x00000007fa600000)
  to   space 7680K, 0% used [0x00000007f9700000,0x00000007f9700000,0x00000007f9e80000)
 ParOldGen       total 43520K, used 12138K [0x00000007e0000000, 0x00000007e2a80000, 0x00000007f5500000)
  object space 43520K, 27% used [0x00000007e0000000,0x00000007e0bdaa10,0x00000007e2a80000)
 PSPermGen       total 21504K, used 18356K [0x00000007dae00000, 0x00000007dc300000, 0x00000007e0000000)
  object space 21504K, 85% used [0x00000007dae00000,0x00000007dbfed248,0x00000007dc300000)
}
Event: 17.329 GC heap before
{Heap before GC invocations=7 (full 0):
 PSYoungGen      total 74752K, used 72178K [0x00000007f5500000, 0x00000007fa600000, 0x0000000800000000)
  eden space 67584K, 100% used [0x00000007f5500000,0x00000007f9700000,0x00000007f9700000)
  from space 7168K, 64% used [0x00000007f9f00000,0x00000007fa37c920,0x00000007fa600000)
  to   space 7680K, 0% used [0x00000007f9700000,0x00000007f9700000,0x00000007f9e80000)
 ParOldGen       total 43520K, used 12138K [0x00000007e0000000, 0x00000007e2a80000, 0x00000007f5500000)
  object space 43520K, 27% used [0x00000007e0000000,0x00000007e0bdaa10,0x00000007e2a80000)
 PSPermGen       total 28160K, used 27746K [0x00000007dae00000, 0x00000007dc980000, 0x00000007e0000000)
  object space 28160K, 98% used [0x00000007dae00000,0x00000007dc9188e0,0x00000007dc980000)
Event: 17.349 GC heap after
Heap after GC invocations=7 (full 0):
 PSYoungGen      total 75264K, used 7677K [0x00000007f5500000, 0x00000007fee00000, 0x0000000800000000)
  eden space 67584K, 0% used [0x00000007f5500000,0x00000007f5500000,0x00000007f9700000)
  from space 7680K, 99% used [0x00000007f9700000,0x00000007f9e7f668,0x00000007f9e80000)
  to   space 10752K, 0% used [0x00000007fe380000,0x00000007fe380000,0x00000007fee00000)
 ParOldGen       total 43520K, used 15773K [0x00000007e0000000, 0x00000007e2a80000, 0x00000007f5500000)
  object space 43520K, 36% used [0x00000007e0000000,0x00000007e0f67448,0x00000007e2a80000)
 PSPermGen       total 28160K, used 27746K [0x00000007dae00000, 0x00000007dc980000, 0x00000007e0000000)
  object space 28160K, 98% used [0x00000007dae00000,0x00000007dc9188e0,0x00000007dc980000)
}
Event: 18.645 GC heap before
{Heap before GC invocations=8 (full 0):
 PSYoungGen      total 75264K, used 75261K [0x00000007f5500000, 0x00000007fee00000, 0x0000000800000000)
  eden space 67584K, 100% used [0x00000007f5500000,0x00000007f9700000,0x00000007f9700000)
  from space 7680K, 99% used [0x00000007f9700000,0x00000007f9e7f668,0x00000007f9e80000)
  to   space 10752K, 0% used [0x00000007fe380000,0x00000007fe380000,0x00000007fee00000)
 ParOldGen       total 43520K, used 15773K [0x00000007e0000000, 0x00000007e2a80000, 0x00000007f5500000)
  object space 43520K, 36% used [0x00000007e0000000,0x00000007e0f67448,0x00000007e2a80000)
 PSPermGen       total 31232K, used 30855K [0x00000007dae00000, 0x00000007dcc80000, 0x00000007e0000000)
  object space 31232K, 98% used [0x00000007dae00000,0x00000007dcc21f88,0x00000007dcc80000)
Event: 18.660 GC heap after
Heap after GC invocations=8 (full 0):
 PSYoungGen      total 144896K, used 5930K [0x00000007f5500000, 0x00000007fed00000, 0x0000000800000000)
  eden space 135168K, 0% used [0x00000007f5500000,0x00000007f5500000,0x00000007fd900000)
  from space 9728K, 60% used [0x00000007fe380000,0x00000007fe94a890,0x00000007fed00000)
  to   space 10240K, 0% used [0x00000007fd900000,0x00000007fd900000,0x00000007fe300000)
 ParOldGen       total 43520K, used 16381K [0x00000007e0000000, 0x00000007e2a80000, 0x00000007f5500000)
  object space 43520K, 37% used [0x00000007e0000000,0x00000007e0fff468,0x00000007e2a80000)
 PSPermGen       total 31232K, used 30855K [0x00000007dae00000, 0x00000007dcc80000, 0x00000007e0000000)
  object space 31232K, 98% used [0x00000007dae00000,0x00000007dcc21f88,0x00000007dcc80000)
}
Event: 22.896 GC heap before
{Heap before GC invocations=9 (full 0):
 PSYoungGen      total 144896K, used 141098K [0x00000007f5500000, 0x00000007fed00000, 0x0000000800000000)
  eden space 135168K, 100% used [0x00000007f5500000,0x00000007fd900000,0x00000007fd900000)
  from space 9728K, 60% used [0x00000007fe380000,0x00000007fe94a890,0x00000007fed00000)
  to   space 10240K, 0% used [0x00000007fd900000,0x00000007fd900000,0x00000007fe300000)
 ParOldGen       total 43520K, used 16381K [0x00000007e0000000, 0x00000007e2a80000, 0x00000007f5500000)
  object space 43520K, 37% used [0x00000007e0000000,0x00000007e0fff468,0x00000007e2a80000)
 PSPermGen       total 38400K, used 37931K [0x00000007dae00000, 0x00000007dd380000, 0x00000007e0000000)
  object space 38400K, 98% used [0x00000007dae00000,0x00000007dd30ac08,0x00000007dd380000)
Event: 22.921 GC heap after
Heap after GC invocations=9 (full 0):
 PSYoungGen      total 139264K, used 9366K [0x00000007f5500000, 0x00000007fe980000, 0x0000000800000000)
  eden space 129536K, 0% used [0x00000007f5500000,0x00000007f5500000,0x00000007fd380000)
  from space 9728K, 96% used [0x00000007fd900000,0x00000007fe225b88,0x00000007fe280000)
  to   space 7168K, 0% used [0x00000007fe280000,0x00000007fe280000,0x00000007fe980000)
 ParOldGen       total 43520K, used 16993K [0x00000007e0000000, 0x00000007e2a80000, 0x00000007f5500000)
  object space 43520K, 39% used [0x00000007e0000000,0x00000007e1098488,0x00000007e2a80000)
 PSPermGen       total 38400K, used 37931K [0x00000007dae00000, 0x00000007dd380000, 0x00000007e0000000)
  object space 38400K, 98% used [0x00000007dae00000,0x00000007dd30ac08,0x00000007dd380000)
}

